<?xml version="1.0" encoding="UTF-8"?>
<!-- Generated by org.testng.reporters.JUnitReportReporter -->
<testsuite hostname="MPL-11S7LQ2" name="com.investaSolutions.tests.AMPortfolioModelManagementTest" tests="1" failures="0" timestamp="6 Aug 2019 07:15:17 GMT" time="195.185" errors="1">
  <testcase name="verifyCreateNewPortfolioTest" time="195.185" classname="com.investaSolutions.tests.AMPortfolioModelManagementTest">
    <error type="org.openqa.selenium.TimeoutException" message="Expected condition failed: waiting for presence of element located by: By.xpath: //a[@class=&#039;ui-state-default ng-tns-c9-6 ui-state-highlight ng-star-inserted&#039;] (tried for 10 second(s) with 500 milliseconds interval)">
      <![CDATA[org.openqa.selenium.TimeoutException: Expected condition failed: waiting for presence of element located by: By.xpath: //a[@class='ui-state-default ng-tns-c9-6 ui-state-highlight ng-star-inserted'] (tried for 10 second(s) with 500 milliseconds interval)
	at org.openqa.selenium.support.ui.WebDriverWait.timeoutException(WebDriverWait.java:81)
	at org.openqa.selenium.support.ui.FluentWait.until(FluentWait.java:271)
	at com.investaSolutions.utils.SeleniumUtils.waitForElementPresence(SeleniumUtils.java:50)
	at com.investaSolutions.pages.AMPortfolioModelConstructionPage.inceptionDateCurrentDateElement(AMPortfolioModelConstructionPage.java:57)
	at com.investaSolutions.pages.AMPortfolioModelConstructionPage.selectInceptionDate(AMPortfolioModelConstructionPage.java:126)
	at com.investaSolutions.pages.AMPortfolioModelConstructionPage.enterDetailsAndCreatePortfolio(AMPortfolioModelConstructionPage.java:231)
	at com.investaSolutions.pages.AMPortfolioModelManagementPage.createNewPortfolio(AMPortfolioModelManagementPage.java:202)
	at com.investaSolutions.pages.AMPortfolioModelManagementPage.createAndVerifyNewPortfolio(AMPortfolioModelManagementPage.java:184)
	at com.investaSolutions.tests.AMPortfolioModelManagementTest.verifyCreateNewPortfolioTest(AMPortfolioModelManagementTest.java:99)
	at sun.reflect.NativeMethodAccessorImpl.invoke0(Native Method)
	at sun.reflect.NativeMethodAccessorImpl.invoke(Unknown Source)
	at sun.reflect.DelegatingMethodAccessorImpl.invoke(Unknown Source)
	at java.lang.reflect.Method.invoke(Unknown Source)
	at org.testng.internal.MethodInvocationHelper.invokeMethod(MethodInvocationHelper.java:85)
	at org.testng.internal.Invoker.invokeMethod(Invoker.java:639)
	at org.testng.internal.Invoker.invokeTestMethod(Invoker.java:816)
	at org.testng.internal.Invoker.invokeTestMethods(Invoker.java:1124)
	at org.testng.internal.TestMethodWorker.invokeTestMethods(TestMethodWorker.java:125)
	at org.testng.internal.TestMethodWorker.run(TestMethodWorker.java:108)
	at org.testng.TestRunner.privateRun(TestRunner.java:774)
	at org.testng.TestRunner.run(TestRunner.java:624)
	at org.testng.SuiteRunner.runTest(SuiteRunner.java:359)
	at org.testng.SuiteRunner.runSequentially(SuiteRunner.java:354)
	at org.testng.SuiteRunner.privateRun(SuiteRunner.java:312)
	at org.testng.SuiteRunner.run(SuiteRunner.java:261)
	at org.testng.SuiteRunnerWorker.runSuite(SuiteRunnerWorker.java:52)
	at org.testng.SuiteRunnerWorker.run(SuiteRunnerWorker.java:86)
	at org.testng.TestNG.runSuitesSequentially(TestNG.java:1215)
	at org.testng.TestNG.runSuitesLocally(TestNG.java:1140)
	at org.testng.TestNG.run(TestNG.java:1048)
	at org.testng.remote.AbstractRemoteTestNG.run(AbstractRemoteTestNG.java:114)
	at org.testng.remote.RemoteTestNG.initAndRun(RemoteTestNG.java:251)
	at org.testng.remote.RemoteTestNG.main(RemoteTestNG.java:77)
Caused by: org.openqa.selenium.NoSuchElementException: Cannot locate an element using By.xpath: //a[@class='ui-state-default ng-tns-c9-6 ui-state-highlight ng-star-inserted']
For documentation on this error, please visit: http://seleniumhq.org/exceptions/no_such_element.html
Build info: version: '3.13.0', revision: '2f0d292', time: '2018-06-25T15:24:21.231Z'
System info: host: 'MPL-11S7LQ2', ip: '10.11.4.147', os.name: 'Windows 10', os.arch: 'amd64', os.version: '10.0', java.version: '1.8.0_211'
Driver info: driver.version: unknown
	at org.openqa.selenium.support.ui.ExpectedConditions.lambda$findElement$0(ExpectedConditions.java:896)
	at java.util.Optional.orElseThrow(Unknown Source)
	at org.openqa.selenium.support.ui.ExpectedConditions.findElement(ExpectedConditions.java:895)
	at org.openqa.selenium.support.ui.ExpectedConditions.access$000(ExpectedConditions.java:44)
	at org.openqa.selenium.support.ui.ExpectedConditions$6.apply(ExpectedConditions.java:183)
	at org.openqa.selenium.support.ui.ExpectedConditions$6.apply(ExpectedConditions.java:180)
	at org.openqa.selenium.support.ui.FluentWait.until(FluentWait.java:248)
	... 31 more
]]>
    </error>
  </testcase> <!-- verifyCreateNewPortfolioTest -->
</testsuite> <!-- com.investaSolutions.tests.AMPortfolioModelManagementTest -->
